{"level":"info","ts":"2026-04-20T18:23:39.667+0800","caller":"zlog/logger.go:85","msg":"服务器启动","func":"main.main","file":"C:/Users/li/Desktop/kama-chat-server/cmd/kama-chat-server/main.go","line":6}
{"level":"debug","ts":"2026-04-20T18:23:39.667+0800","caller":"zlog/logger.go:108","msg":"调试信息","func":"main.main","file":"C:/Users/li/Desktop/kama-chat-server/cmd/kama-chat-server/main.go","line":7}
{"level":"warn","ts":"2026-04-20T18:23:39.667+0800","caller":"zlog/logger.go:97","msg":"警告信息","func":"main.main","file":"C:/Users/li/Desktop/kama-chat-server/cmd/kama-chat-server/main.go","line":8}
{"level":"error","ts":"2026-04-26T15:06:57.471+0800","caller":"zlog/logger.go:90","msg":"Key: 'EmailLoginRequest.EmailCode' Error:Field validation for 'EmailCode' failed on the 'required' tag","func":"v1.EmailLogin","file":"C:/Users/li/Desktop/kama-chat-server/api/v1/user_info_controller.go","line":49}
{"level":"error","ts":"2026-04-26T15:07:39.465+0800","caller":"zlog/logger.go:90","msg":"Key: 'EmailLoginRequest.EmailCode' Error:Field validation for 'EmailCode' failed on the 'required' tag","func":"v1.EmailLogin","file":"C:/Users/li/Desktop/kama-chat-server/api/v1/user_info_controller.go","line":49}
{"level":"error","ts":"2026-04-27T16:26:40.477+0800","caller":"zlog/logger.go:90","msg":"Key: 'LoginRequest.Email' Error:Field validation for 'Email' failed on the 'email' tag\nKey: 'LoginRequest.Password' Error:Field validation for 'Password' failed on the 'required' tag","func":"v1.Login","file":"C:/Users/li/Desktop/kama-chat-server/api/v1/user_info_controller.go","line":20}
{"level":"info","ts":"2026-04-28T14:06:39.711+0800","caller":"zlog/logger.go:84","msg":"该key不存在","func":"redis.GetKey","file":"C:/Users/li/Desktop/kama-chat-server/internal/service/redis/redis_service.go","line":45}
{"level":"info","ts":"2026-04-28T14:07:31.706+0800","caller":"zlog/logger.go:84","msg":"没有找到相关前缀key","func":"redis.GetKeyWithPrefixNilIsErr","file":"C:/Users/li/Desktop/kama-chat-server/internal/service/redis/redis_service.go","line":85}
{"level":"info","ts":"2026-04-28T14:07:31.707+0800","caller":"zlog/logger.go:84","msg":"会话没有找到，将新建会话","func":"gorm.(*sessionService).OpenSession","file":"C:/Users/li/Desktop/kama-chat-server/internal/service/gorm/session_service.go","line":38}
{"level":"info","ts":"2026-04-28T14:07:40.443+0800","caller":"zlog/logger.go:84","msg":"没有找到相关前缀key","func":"redis.GetKeyWithPrefixNilIsErr","file":"C:/Users/li/Desktop/kama-chat-server/internal/service/redis/redis_service.go","line":85}
{"level":"info","ts":"2026-04-28T14:07:40.444+0800","caller":"zlog/logger.go:84","msg":"会话没有找到，将新建会话","func":"gorm.(*sessionService).OpenSession","file":"C:/Users/li/Desktop/kama-chat-server/internal/service/gorm/session_service.go","line":38}
{"level":"error","ts":"2026-04-28T14:07:55.297+0800","caller":"zlog/logger.go:90","msg":"record not found","func":"gorm.(*sessionService).CheckOpenSessionAllowed","file":"C:/Users/li/Desktop/kama-chat-server/internal/service/gorm/session_service.go","line":249}
{"level":"info","ts":"2026-04-28T14:07:56.439+0800","caller":"zlog/logger.go:84","msg":"没有找到相关前缀key","func":"redis.GetKeyWithPrefixNilIsErr","file":"C:/Users/li/Desktop/kama-chat-server/internal/service/redis/redis_service.go","line":85}
{"level":"info","ts":"2026-04-28T14:07:56.440+0800","caller":"zlog/logger.go:84","msg":"会话没有找到，将新建会话","func":"gorm.(*sessionService).OpenSession","file":"C:/Users/li/Desktop/kama-chat-server/internal/service/gorm/session_service.go","line":38}
{"level":"info","ts":"2026-04-28T14:08:27.849+0800","caller":"zlog/logger.go:84","msg":"U2026042459746164431","func":"gorm.(*userInfoService).GetUserInfo","file":"C:/Users/li/Desktop/kama-chat-server/internal/service/gorm/user_info_service.go","line":263}
{"level":"info","ts":"2026-04-28T14:08:27.849+0800","caller":"zlog/logger.go:84","msg":"redis: nil","func":"gorm.(*userInfoService).GetUserInfo","file":"C:/Users/li/Desktop/kama-chat-server/internal/service/gorm/user_info_service.go","line":270}
{"level":"info","ts":"2026-04-28T14:08:27.995+0800","caller":"zlog/logger.go:84","msg":"没有找到相关前缀key","func":"redis.GetKeyWithPrefixNilIsErr","file":"C:/Users/li/Desktop/kama-chat-server/internal/service/redis/redis_service.go","line":85}
{"level":"info","ts":"2026-04-28T14:08:42.307+0800","caller":"zlog/logger.go:84","msg":"U2026042869644063371","func":"gorm.(*userInfoService).GetUserInfo","file":"C:/Users/li/Desktop/kama-chat-server/internal/service/gorm/user_info_service.go","line":263}
{"level":"info","ts":"2026-04-28T14:08:42.307+0800","caller":"zlog/logger.go:84","msg":"redis: nil","func":"gorm.(*userInfoService).GetUserInfo","file":"C:/Users/li/Desktop/kama-chat-server/internal/service/gorm/user_info_service.go","line":270}
{"level":"info","ts":"2026-04-28T14:08:45.393+0800","caller":"zlog/logger.go:84","msg":"U2026042459746164431","func":"gorm.(*userInfoService).GetUserInfo","file":"C:/Users/li/Desktop/kama-chat-server/internal/service/gorm/user_info_service.go","line":263}
{"level":"info","ts":"2026-04-28T14:08:45.508+0800","caller":"zlog/logger.go:84","msg":"没有找到相关前缀key","func":"redis.GetKeyWithPrefixNilIsErr","file":"C:/Users/li/Desktop/kama-chat-server/internal/service/redis/redis_service.go","line":85}
